<?xml version="1.0" encoding="UTF-8"?>
<!-- Generated by org.testng.reporters.JUnitXMLReporter -->
<testsuite ignored="0" hostname="LTIN509713" failures="1" tests="3" name="Surefire test" time="70.417" errors="0" timestamp="2024-11-07T12:26:15 IST">
  <testcase classname="io.cucumber.testng.AbstractTestNGCucumberTests" name="runScenario" time="38.74">
    <failure type="java.lang.AssertionError" message="expected [No] but found [Beetroot]">
      <![CDATA[java.lang.AssertionError: expected [No] but found [Beetroot]
at stepDefinations.OfferPageStepDefination.validate_Product_name_in_offers_page(OfferPageStepDefination.java:45)
at âœ½.validate Product name in offers page.(file:///C:/Users/2320611/eclipse-workspace/Selenium%20Rahul/CucumberFirstSteps/src/test/java/features/searchProduct.feature:9)
... Removed 6 stack frames]]>
    </failure>
  </testcase> <!-- runScenario -->
  <testcase classname="io.cucumber.testng.AbstractTestNGCucumberTests" name="runScenario" time="39.954"/>
  <testcase classname="io.cucumber.testng.AbstractTestNGCucumberTests" name="runScenario" time="69.741"/>
</testsuite> <!-- Surefire test -->
